2025-02-05 18:02:30.293 [info] read schema from vscode: vscode://schemas/settings/default
2025-02-05 18:02:30.307 [info] cancelled
2025-02-05 18:02:30.332 [info] read schema from vscode: vscode://schemas/settings/resourceLanguage
2025-02-05 18:02:30.335 [info] read schema from vscode: vscode://schemas/ignoredSettings
2025-02-05 18:02:30.336 [info] read schema from vscode: vscode://schemas/launch
2025-02-05 18:02:30.337 [info] read schema from vscode: vscode://schemas/token-styling
2025-02-05 18:02:30.338 [info] read schema from vscode: vscode://schemas/textmate-colors
2025-02-05 18:02:30.338 [info] read schema from vscode: vscode://schemas/workbench-colors
2025-02-05 18:02:31.049 [info] schema change detected vscode://schemas/settings/default
2025-02-05 18:02:31.050 [info] read schema from vscode: vscode://schemas/settings/default
2025-02-05 18:02:31.327 [info] schema change detected vscode://schemas/settings/default
2025-02-05 18:02:31.330 [info] read schema from vscode: vscode://schemas/settings/default
2025-02-05 18:02:45.303 [info] read schema from vscode: vscode://schemas/settings/user
2025-02-05 18:02:46.373 [info] schema change detected vscode://schemas/settings/default
2025-02-05 18:02:46.373 [info] schema change detected vscode://schemas/settings/user
2025-02-05 18:02:46.378 [info] read schema from vscode: vscode://schemas/settings/default
2025-02-05 18:02:46.378 [info] cancelled
2025-02-05 18:02:46.379 [info] read schema from vscode: vscode://schemas/settings/user
2025-02-05 18:02:46.458 [info] cancelled
2025-02-05 18:02:50.366 [info] schema change detected vscode://schemas/launch
2025-02-05 18:02:50.370 [info] read schema from vscode: vscode://schemas/settings/default
2025-02-05 18:02:50.370 [info] read schema from vscode: vscode://schemas/settings/user
2025-02-05 18:02:50.409 [info] read schema from vscode: vscode://schemas/launch
2025-02-05 18:03:03.246 [info] schema change detected vscode://schemas/settings/default
2025-02-05 18:03:03.246 [info] schema change detected vscode://schemas/settings/user
2025-02-05 18:03:03.249 [info] cancelled
2025-02-05 18:03:03.250 [info] read schema from vscode: vscode://schemas/settings/default
